<?xml version="1.0" encoding="UTF-8"?>
<testng-results ignored="0" total="3" passed="3" failed="0" skipped="0">
  <reporter-output>
  </reporter-output>
  <suite started-at="2022-04-25T18:54:25 CDT" name="Suite" finished-at="2022-04-25T18:54:30 CDT" duration-ms="4793">
    <groups>
    </groups>
    <test started-at="2022-04-25T18:54:25 CDT" name="Test" finished-at="2022-04-25T18:54:30 CDT" duration-ms="4793">
      <class name="com.sdet.AppTest">
        <test-method signature="testlogin1()[pri:0, instance:com.sdet.AppTest@212b5695]" started-at="2022-04-25T18:54:25 CDT" name="testlogin1" finished-at="2022-04-25T18:54:25 CDT" duration-ms="7" status="PASS">
          <reporter-output>
          </reporter-output>
        </test-method> <!-- testlogin1 -->
        <test-method signature="testlogin2()[pri:0, instance:com.sdet.AppTest@212b5695]" started-at="2022-04-25T18:54:25 CDT" name="testlogin2" finished-at="2022-04-25T18:54:25 CDT" duration-ms="0" status="PASS">
          <reporter-output>
          </reporter-output>
        </test-method> <!-- testlogin2 -->
      </class> <!-- com.sdet.AppTest -->
      <class name="com.sdet.TC_Login">
        <test-method signature="login_Test()[pri:0, instance:com.sdet.TC_Login@10d307f1]" started-at="2022-04-25T18:54:25 CDT" name="login_Test" finished-at="2022-04-25T18:54:30 CDT" duration-ms="4760" status="PASS">
          <reporter-output>
          </reporter-output>
        </test-method> <!-- login_Test -->
      </class> <!-- com.sdet.TC_Login -->
    </test> <!-- Test -->
  </suite> <!-- Suite -->
</testng-results>
